[
  {
    "line": 3,
    "elements": [
      {
        "before": [
          {
            "result": {
              "duration": 11550114200,
              "status": "passed"
            },
            "match": {
              "location": "Hook.setup(Scenario)"
            }
          }
        ],
        "line": 5,
        "name": "user can upload a file regarding to new task",
        "description": "",
        "id": "as-a-user-i-should-be-able-to-create-a-task-from-activity-stream.;user-can-upload-a-file-regarding-to-new-task",
        "after": [
          {
            "result": {
              "error_message": "org.openqa.selenium.NoSuchWindowException: no such window: target window already closed\nfrom unknown error: web view not found\n  (Session info: chrome\u003d76.0.3809.100)\nBuild info: version: \u00273.141.59\u0027, revision: \u0027e82be7d358\u0027, time: \u00272018-11-14T08:17:03\u0027\nSystem info: host: \u0027WINDOW007\u0027, ip: \u0027192.168.0.18\u0027, os.name: \u0027Windows 10\u0027, os.arch: \u0027amd64\u0027, os.version: \u002710.0\u0027, java.version: \u00271.8.0_212\u0027\nDriver info: org.openqa.selenium.chrome.ChromeDriver\nCapabilities {acceptInsecureCerts: false, browserName: chrome, browserVersion: 76.0.3809.100, chrome: {chromedriverVersion: 76.0.3809.68 (420c9498db8ce..., userDataDir: C:\\Users\\Bbogush\\AppData\\Lo...}, goog:chromeOptions: {debuggerAddress: localhost:63329}, javascriptEnabled: true, networkConnectionEnabled: false, pageLoadStrategy: normal, platform: XP, platformName: XP, proxy: Proxy(), setWindowRect: true, strictFileInteractability: false, timeouts: {implicit: 0, pageLoad: 300000, script: 30000}, unhandledPromptBehavior: dismiss and notify}\nSession ID: d54e634b3a804dc685d79d8718c62f37\r\n\tat sun.reflect.NativeConstructorAccessorImpl.newInstance0(Native Method)\r\n\tat sun.reflect.NativeConstructorAccessorImpl.newInstance(NativeConstructorAccessorImpl.java:62)\r\n\tat sun.reflect.DelegatingConstructorAccessorImpl.newInstance(DelegatingConstructorAccessorImpl.java:45)\r\n\tat java.lang.reflect.Constructor.newInstance(Constructor.java:423)\r\n\tat org.openqa.selenium.remote.http.W3CHttpResponseCodec.createException(W3CHttpResponseCodec.java:187)\r\n\tat org.openqa.selenium.remote.http.W3CHttpResponseCodec.decode(W3CHttpResponseCodec.java:122)\r\n\tat org.openqa.selenium.remote.http.W3CHttpResponseCodec.decode(W3CHttpResponseCodec.java:49)\r\n\tat org.openqa.selenium.remote.HttpCommandExecutor.execute(HttpCommandExecutor.java:158)\r\n\tat org.openqa.selenium.remote.service.DriverCommandExecutor.execute(DriverCommandExecutor.java:83)\r\n\tat org.openqa.selenium.remote.RemoteWebDriver.execute(RemoteWebDriver.java:552)\r\n\tat org.openqa.selenium.remote.RemoteWebDriver.execute(RemoteWebDriver.java:609)\r\n\tat org.openqa.selenium.remote.RemoteWebDriver.getScreenshotAs(RemoteWebDriver.java:295)\r\n\tat com.cybertek.step_definitions.Hook.teardown(Hook.java:25)\r\n\tat sun.reflect.NativeMethodAccessorImpl.invoke0(Native Method)\r\n\tat sun.reflect.NativeMethodAccessorImpl.invoke(NativeMethodAccessorImpl.java:62)\r\n\tat sun.reflect.DelegatingMethodAccessorImpl.invoke(DelegatingMethodAccessorImpl.java:43)\r\n\tat java.lang.reflect.Method.invoke(Method.java:498)\r\n\tat cucumber.runtime.Utils$1.call(Utils.java:26)\r\n\tat cucumber.runtime.Timeout.timeout(Timeout.java:16)\r\n\tat cucumber.runtime.Utils.invoke(Utils.java:20)\r\n\tat cucumber.runtime.java.JavaHookDefinition.execute(JavaHookDefinition.java:60)\r\n\tat cucumber.runner.HookDefinitionMatch.runStep(HookDefinitionMatch.java:16)\r\n\tat cucumber.runner.TestStep.executeStep(TestStep.java:63)\r\n\tat cucumber.runner.TestStep.run(TestStep.java:49)\r\n\tat cucumber.runner.TestCase.run(TestCase.java:48)\r\n\tat cucumber.runner.Runner.runPickle(Runner.java:40)\r\n\tat cucumber.runtime.junit.PickleRunners$NoStepDescriptions.run(PickleRunners.java:146)\r\n\tat cucumber.runtime.junit.FeatureRunner.runChild(FeatureRunner.java:67)\r\n\tat cucumber.runtime.junit.FeatureRunner.runChild(FeatureRunner.java:22)\r\n\tat org.junit.runners.ParentRunner$3.run(ParentRunner.java:290)\r\n\tat org.junit.runners.ParentRunner$1.schedule(ParentRunner.java:71)\r\n\tat org.junit.runners.ParentRunner.runChildren(ParentRunner.java:288)\r\n\tat org.junit.runners.ParentRunner.access$000(ParentRunner.java:58)\r\n\tat org.junit.runners.ParentRunner$2.evaluate(ParentRunner.java:268)\r\n\tat org.junit.runners.ParentRunner.run(ParentRunner.java:363)\r\n\tat cucumber.runtime.junit.FeatureRunner.run(FeatureRunner.java:72)\r\n\tat cucumber.api.junit.Cucumber.runChild(Cucumber.java:122)\r\n\tat cucumber.api.junit.Cucumber.runChild(Cucumber.java:64)\r\n\tat org.junit.runners.ParentRunner$3.run(ParentRunner.java:290)\r\n\tat org.junit.runners.ParentRunner$1.schedule(ParentRunner.java:71)\r\n\tat org.junit.runners.ParentRunner.runChildren(ParentRunner.java:288)\r\n\tat org.junit.runners.ParentRunner.access$000(ParentRunner.java:58)\r\n\tat org.junit.runners.ParentRunner$2.evaluate(ParentRunner.java:268)\r\n\tat cucumber.api.junit.Cucumber$1.evaluate(Cucumber.java:131)\r\n\tat org.junit.runners.ParentRunner.run(ParentRunner.java:363)\r\n\tat org.junit.runner.JUnitCore.run(JUnitCore.java:137)\r\n\tat com.intellij.junit4.JUnit4IdeaTestRunner.startRunnerWithArgs(JUnit4IdeaTestRunner.java:68)\r\n\tat com.intellij.rt.execution.junit.IdeaTestRunner$Repeater.startRunnerWithArgs(IdeaTestRunner.java:47)\r\n\tat com.intellij.rt.execution.junit.JUnitStarter.prepareStreamsAndStart(JUnitStarter.java:242)\r\n\tat com.intellij.rt.execution.junit.JUnitStarter.main(JUnitStarter.java:70)\r\n",
              "duration": 26617300,
              "status": "failed"
            },
            "match": {
              "location": "Hook.teardown(Scenario)"
            }
          }
        ],
        "type": "scenario",
        "keyword": "Scenario",
        "steps": [
          {
            "result": {
              "duration": 3592076600,
              "status": "passed"
            },
            "line": 6,
            "name": "user is on the landing page",
            "match": {
              "location": "LoginStepDefinitions.user_is_on_the_landing_page()"
            },
            "keyword": "Given "
          },
          {
            "result": {
              "duration": 147921900,
              "status": "passed"
            },
            "line": 7,
            "name": "user goes to task module",
            "match": {
              "location": "TasksStepDefinitions.user_goes_to_task_module()"
            },
            "keyword": "Then "
          },
          {
            "result": {
              "duration": 5568218100,
              "status": "passed"
            },
            "line": 8,
            "name": "adds things to do",
            "match": {
              "location": "TasksStepDefinitions.adds_things_to_do()"
            },
            "keyword": "And "
          },
          {
            "result": {
              "duration": 159629100,
              "status": "passed"
            },
            "line": 9,
            "name": "click on checklist",
            "match": {
              "location": "TasksStepDefinitions.click_on_checklist()"
            },
            "keyword": "And "
          },
          {
            "result": {
              "duration": 3830176300,
              "status": "passed"
            },
            "line": 10,
            "name": "adds things to do",
            "match": {
              "location": "TasksStepDefinitions.adds_things_to_do()"
            },
            "keyword": "And "
          },
          {
            "result": {
              "error_message": "org.openqa.selenium.NoSuchElementException: Cannot locate an element using id\u003dblog-submit-button-save \nFor documentation on this error, please visit: https://www.seleniumhq.org/exceptions/no_such_element.html\nBuild info: version: \u00273.141.59\u0027, revision: \u0027e82be7d358\u0027, time: \u00272018-11-14T08:17:03\u0027\nSystem info: host: \u0027WINDOW007\u0027, ip: \u0027192.168.0.18\u0027, os.name: \u0027Windows 10\u0027, os.arch: \u0027amd64\u0027, os.version: \u002710.0\u0027, java.version: \u00271.8.0_212\u0027\nDriver info: driver.version: RemoteWebDriver\r\n\tat org.openqa.selenium.remote.RemoteWebDriver.findElement(RemoteWebDriver.java:327)\r\n\tat org.openqa.selenium.remote.RemoteWebDriver.findElementById(RemoteWebDriver.java:372)\r\n\tat org.openqa.selenium.By$ById.findElement(By.java:188)\r\n\tat org.openqa.selenium.remote.RemoteWebDriver.findElement(RemoteWebDriver.java:315)\r\n\tat org.openqa.selenium.support.pagefactory.DefaultElementLocator.findElement(DefaultElementLocator.java:69)\r\n\tat org.openqa.selenium.support.pagefactory.internal.LocatingElementHandler.invoke(LocatingElementHandler.java:38)\r\n\tat com.sun.proxy.$Proxy16.click(Unknown Source)\r\n\tat com.cybertek.step_definitions.TasksStepDefinitions.click_on_send_button(TasksStepDefinitions.java:42)\r\n\tat âœ½.click on send button(src\\test\\resources\\features\\activity_stream\\activity_stream.feature:11)\r\n",
              "duration": 13086369800,
              "status": "failed"
            },
            "line": 11,
            "name": "click on send button",
            "match": {
              "location": "TasksStepDefinitions.click_on_send_button()"
            },
            "keyword": "Then "
          },
          {
            "result": {
              "duration": 20100,
              "status": "skipped"
            },
            "line": 12,
            "name": "user verifies that file was added",
            "match": {
              "location": "TasksStepDefinitions.user_verifies_that_file_was_added()"
            },
            "keyword": "And "
          },
          {
            "result": {
              "duration": 8800,
              "status": "skipped"
            },
            "line": 13,
            "name": "user quits",
            "match": {
              "location": "LoginStepDefinitions.user_quits()"
            },
            "keyword": "Then "
          }
        ],
        "tags": [
          {
            "name": "@Tasks"
          },
          {
            "name": "@B24"
          }
        ]
      }
    ],
    "name": "As a user I should be able to create a task from activity stream.",
    "description": "",
    "id": "as-a-user-i-should-be-able-to-create-a-task-from-activity-stream.",
    "keyword": "Feature",
    "uri": "src\\test\\resources\\features\\activity_stream\\activity_stream.feature",
    "tags": [
      {
        "name": "@Tasks",
        "type": "Tag",
        "location": {
          "line": 2,
          "column": 3
        }
      }
    ]
  }
]